Терминалы не используются в грамматике

   OR


Грамматика

    0 $accept: goal END

    1 goal: main_class class_dec_list

    2 main_class: CLASS id BTBR_L PUBLIC MAIN RNDBR_L STRING SQBR_L SQBR_R id RNDBR_R BTBR_L statement BTBR_R BTBR_R

    3 class_dec: CLASS id extends_block BTBR_L var_dec_list method_list BTBR_R
    4          | CLASS id extends_block BTBR_L method_list BTBR_R

    5 class_dec_list: class_dec_list class_dec
    6               | %empty

    7 extends_block: EXTENDS id
    8              | %empty

    9 var_dec: type id SEMICOLON

   10 var_dec_list: var_dec_list var_dec
   11             | var_dec

   12 method: PUBLIC type id RNDBR_L arglist RNDBR_R BTBR_L var_dec_list stmnt_list RETURN expression SEMICOLON BTBR_R
   13       | PUBLIC type id RNDBR_L arglist RNDBR_R BTBR_L stmnt_list RETURN expression SEMICOLON BTBR_R
   14       | PUBLIC type id RNDBR_L arglist RNDBR_R BTBR_L var_dec_list RETURN expression SEMICOLON BTBR_R
   15       | PUBLIC type id RNDBR_L arglist RNDBR_R BTBR_L RETURN expression SEMICOLON BTBR_R

   16 method_list: method_list method
   17            | %empty

   18 arglist: arglist COMMA type id
   19        | type id
   20        | %empty

   21 stmnt_list: stmnt_list statement
   22           | statement

   23 type: INT SQBR_L SQBR_R
   24     | BOOL
   25     | INT
   26     | id

   27 statement: BTBR_L stmnt_list BTBR_R
   28          | IF RNDBR_L expression RNDBR_R statement ELSE statement
   29          | WHILE RNDBR_L expression RNDBR_R statement
   30          | PRINT RNDBR_L expression RNDBR_R SEMICOLON
   31          | id EQ expression SEMICOLON
   32          | id SQBR_L expression SQBR_R EQ expression SEMICOLON

   33 expression: expression AND expression
   34           | expression LESS expression
   35           | expression PLUS expression
   36           | expression MINUS expression
   37           | expression STAR expression
   38           | expression SQBR_L expression SQBR_R
   39           | expression DOT LEN
   40           | expression DOT id RNDBR_L expression_list RNDBR_R
   41           | NUM
   42           | TRUE
   43           | FALSE
   44           | id
   45           | THIS
   46           | NEW INT SQBR_L expression SQBR_R
   47           | NEW id RNDBR_L RNDBR_R
   48           | EXCL expression
   49           | RNDBR_L expression RNDBR_R

   50 expression_list: expression expression_add
   51                | %empty

   52 expression_add: expression_add COMMA expression
   53               | %empty

   54 id: ID


Терминальные символы с правилами, в которых они появляются

END (0) 0
error (256)
IF (258) 28
ELSE (259) 28
WHILE (260) 29
CLASS (261) 2 3 4
THIS (262) 45
NEW (263) 46 47
MAIN (264) 2
PUBLIC (265) 2 12 13 14 15
EXTENDS (266) 7
INT (267) 23 25 46
BOOL (268) 24
STRING (269) 2
SQBR_L (270) 2 23 32 38 46
SQBR_R (271) 2 23 32 38 46
RNDBR_L (272) 2 12 13 14 15 28 29 30 40 47 49
RNDBR_R (273) 2 12 13 14 15 28 29 30 40 47 49
BTBR_L (274) 2 3 4 12 13 14 15 27
BTBR_R (275) 2 3 4 12 13 14 15 27
COMMA (276) 18 52
DOT (277) 39 40
SEMICOLON (278) 9 12 13 14 15 30 31 32
EQ (279) 31 32
AND (280) 33
OR (281)
PLUS (282) 35
MINUS (283) 36
STAR (284) 37
LESS (285) 34
EXCL (286) 48
FALSE (287) 43
TRUE (288) 42
PRINT (289) 30
LEN (290) 39
RETURN (291) 12 13 14 15
NUM (292) 41
ID (293) 54


Нетерминальные символы с правилами, в которых они появляются

$accept (39)
    налево: 0
goal (40)
    налево: 1, направо: 0
main_class (41)
    налево: 2, направо: 1
class_dec (42)
    налево: 3 4, направо: 5
class_dec_list (43)
    налево: 5 6, направо: 1 5
extends_block (44)
    налево: 7 8, направо: 3 4
var_dec (45)
    налево: 9, направо: 10 11
var_dec_list (46)
    налево: 10 11, направо: 3 10 12 14
method (47)
    налево: 12 13 14 15, направо: 16
method_list (48)
    налево: 16 17, направо: 3 4 16
arglist (49)
    налево: 18 19 20, направо: 12 13 14 15 18
stmnt_list (50)
    налево: 21 22, направо: 12 13 21 27
type (51)
    налево: 23 24 25 26, направо: 9 12 13 14 15 18 19
statement (52)
    налево: 27 28 29 30 31 32, направо: 2 21 22 28 29
expression (53)
    налево: 33 34 35 36 37 38 39 40 41 42 43 44 45 46 47 48 49,
    направо: 12 13 14 15 28 29 30 31 32 33 34 35 36 37 38 39
    40 46 48 49 50 52
expression_list (54)
    налево: 50 51, направо: 40
expression_add (55)
    налево: 52 53, направо: 50 52
id (56)
    налево: 54, направо: 2 3 4 7 9 12 13 14 15 18 19 26
    31 32 40 44 47


Состояние 0

    0 $accept: . goal END

    CLASS  сдвиг, и переход в состояние 1

    goal        переход в состояние 2
    main_class  переход в состояние 3


Состояние 1

    2 main_class: CLASS . id BTBR_L PUBLIC MAIN RNDBR_L STRING SQBR_L SQBR_R id RNDBR_R BTBR_L statement BTBR_R BTBR_R

    ID  сдвиг, и переход в состояние 4

    id  переход в состояние 5


Состояние 2

    0 $accept: goal . END

    END  сдвиг, и переход в состояние 6


Состояние 3

    1 goal: main_class . class_dec_list

    $default  вывод с использованием правила 6 (class_dec_list)

    class_dec_list  переход в состояние 7


Состояние 4

   54 id: ID .

    $default  вывод с использованием правила 54 (id)


Состояние 5

    2 main_class: CLASS id . BTBR_L PUBLIC MAIN RNDBR_L STRING SQBR_L SQBR_R id RNDBR_R BTBR_L statement BTBR_R BTBR_R

    BTBR_L  сдвиг, и переход в состояние 8


Состояние 6

    0 $accept: goal END .

    $default  принять


Состояние 7

    1 goal: main_class class_dec_list .
    5 class_dec_list: class_dec_list . class_dec

    CLASS  сдвиг, и переход в состояние 9

    $default  вывод с использованием правила 1 (goal)

    class_dec  переход в состояние 10


Состояние 8

    2 main_class: CLASS id BTBR_L . PUBLIC MAIN RNDBR_L STRING SQBR_L SQBR_R id RNDBR_R BTBR_L statement BTBR_R BTBR_R

    PUBLIC  сдвиг, и переход в состояние 11


Состояние 9

    3 class_dec: CLASS . id extends_block BTBR_L var_dec_list method_list BTBR_R
    4          | CLASS . id extends_block BTBR_L method_list BTBR_R

    ID  сдвиг, и переход в состояние 4

    id  переход в состояние 12


Состояние 10

    5 class_dec_list: class_dec_list class_dec .

    $default  вывод с использованием правила 5 (class_dec_list)


Состояние 11

    2 main_class: CLASS id BTBR_L PUBLIC . MAIN RNDBR_L STRING SQBR_L SQBR_R id RNDBR_R BTBR_L statement BTBR_R BTBR_R

    MAIN  сдвиг, и переход в состояние 13


Состояние 12

    3 class_dec: CLASS id . extends_block BTBR_L var_dec_list method_list BTBR_R
    4          | CLASS id . extends_block BTBR_L method_list BTBR_R

    EXTENDS  сдвиг, и переход в состояние 14

    $default  вывод с использованием правила 8 (extends_block)

    extends_block  переход в состояние 15


Состояние 13

    2 main_class: CLASS id BTBR_L PUBLIC MAIN . RNDBR_L STRING SQBR_L SQBR_R id RNDBR_R BTBR_L statement BTBR_R BTBR_R

    RNDBR_L  сдвиг, и переход в состояние 16


Состояние 14

    7 extends_block: EXTENDS . id

    ID  сдвиг, и переход в состояние 4

    id  переход в состояние 17


Состояние 15

    3 class_dec: CLASS id extends_block . BTBR_L var_dec_list method_list BTBR_R
    4          | CLASS id extends_block . BTBR_L method_list BTBR_R

    BTBR_L  сдвиг, и переход в состояние 18


Состояние 16

    2 main_class: CLASS id BTBR_L PUBLIC MAIN RNDBR_L . STRING SQBR_L SQBR_R id RNDBR_R BTBR_L statement BTBR_R BTBR_R

    STRING  сдвиг, и переход в состояние 19


Состояние 17

    7 extends_block: EXTENDS id .

    $default  вывод с использованием правила 7 (extends_block)


Состояние 18

    3 class_dec: CLASS id extends_block BTBR_L . var_dec_list method_list BTBR_R
    4          | CLASS id extends_block BTBR_L . method_list BTBR_R

    INT   сдвиг, и переход в состояние 20
    BOOL  сдвиг, и переход в состояние 21
    ID    сдвиг, и переход в состояние 4

    $default  вывод с использованием правила 17 (method_list)

    var_dec       переход в состояние 22
    var_dec_list  переход в состояние 23
    method_list   переход в состояние 24
    type          переход в состояние 25
    id            переход в состояние 26


Состояние 19

    2 main_class: CLASS id BTBR_L PUBLIC MAIN RNDBR_L STRING . SQBR_L SQBR_R id RNDBR_R BTBR_L statement BTBR_R BTBR_R

    SQBR_L  сдвиг, и переход в состояние 27


Состояние 20

   23 type: INT . SQBR_L SQBR_R
   25     | INT .

    SQBR_L  сдвиг, и переход в состояние 28

    $default  вывод с использованием правила 25 (type)


Состояние 21

   24 type: BOOL .

    $default  вывод с использованием правила 24 (type)


Состояние 22

   11 var_dec_list: var_dec .

    $default  вывод с использованием правила 11 (var_dec_list)


Состояние 23

    3 class_dec: CLASS id extends_block BTBR_L var_dec_list . method_list BTBR_R
   10 var_dec_list: var_dec_list . var_dec

    INT   сдвиг, и переход в состояние 20
    BOOL  сдвиг, и переход в состояние 21
    ID    сдвиг, и переход в состояние 4

    $default  вывод с использованием правила 17 (method_list)

    var_dec      переход в состояние 29
    method_list  переход в состояние 30
    type         переход в состояние 25
    id           переход в состояние 26


Состояние 24

    4 class_dec: CLASS id extends_block BTBR_L method_list . BTBR_R
   16 method_list: method_list . method

    PUBLIC  сдвиг, и переход в состояние 31
    BTBR_R  сдвиг, и переход в состояние 32

    method  переход в состояние 33


Состояние 25

    9 var_dec: type . id SEMICOLON

    ID  сдвиг, и переход в состояние 4

    id  переход в состояние 34


Состояние 26

   26 type: id .

    $default  вывод с использованием правила 26 (type)


Состояние 27

    2 main_class: CLASS id BTBR_L PUBLIC MAIN RNDBR_L STRING SQBR_L . SQBR_R id RNDBR_R BTBR_L statement BTBR_R BTBR_R

    SQBR_R  сдвиг, и переход в состояние 35


Состояние 28

   23 type: INT SQBR_L . SQBR_R

    SQBR_R  сдвиг, и переход в состояние 36


Состояние 29

   10 var_dec_list: var_dec_list var_dec .

    $default  вывод с использованием правила 10 (var_dec_list)


Состояние 30

    3 class_dec: CLASS id extends_block BTBR_L var_dec_list method_list . BTBR_R
   16 method_list: method_list . method

    PUBLIC  сдвиг, и переход в состояние 31
    BTBR_R  сдвиг, и переход в состояние 37

    method  переход в состояние 33


Состояние 31

   12 method: PUBLIC . type id RNDBR_L arglist RNDBR_R BTBR_L var_dec_list stmnt_list RETURN expression SEMICOLON BTBR_R
   13       | PUBLIC . type id RNDBR_L arglist RNDBR_R BTBR_L stmnt_list RETURN expression SEMICOLON BTBR_R
   14       | PUBLIC . type id RNDBR_L arglist RNDBR_R BTBR_L var_dec_list RETURN expression SEMICOLON BTBR_R
   15       | PUBLIC . type id RNDBR_L arglist RNDBR_R BTBR_L RETURN expression SEMICOLON BTBR_R

    INT   сдвиг, и переход в состояние 20
    BOOL  сдвиг, и переход в состояние 21
    ID    сдвиг, и переход в состояние 4

    type  переход в состояние 38
    id    переход в состояние 26


Состояние 32

    4 class_dec: CLASS id extends_block BTBR_L method_list BTBR_R .

    $default  вывод с использованием правила 4 (class_dec)


Состояние 33

   16 method_list: method_list method .

    $default  вывод с использованием правила 16 (method_list)


Состояние 34

    9 var_dec: type id . SEMICOLON

    SEMICOLON  сдвиг, и переход в состояние 39


Состояние 35

    2 main_class: CLASS id BTBR_L PUBLIC MAIN RNDBR_L STRING SQBR_L SQBR_R . id RNDBR_R BTBR_L statement BTBR_R BTBR_R

    ID  сдвиг, и переход в состояние 4

    id  переход в состояние 40


Состояние 36

   23 type: INT SQBR_L SQBR_R .

    $default  вывод с использованием правила 23 (type)


Состояние 37

    3 class_dec: CLASS id extends_block BTBR_L var_dec_list method_list BTBR_R .

    $default  вывод с использованием правила 3 (class_dec)


Состояние 38

   12 method: PUBLIC type . id RNDBR_L arglist RNDBR_R BTBR_L var_dec_list stmnt_list RETURN expression SEMICOLON BTBR_R
   13       | PUBLIC type . id RNDBR_L arglist RNDBR_R BTBR_L stmnt_list RETURN expression SEMICOLON BTBR_R
   14       | PUBLIC type . id RNDBR_L arglist RNDBR_R BTBR_L var_dec_list RETURN expression SEMICOLON BTBR_R
   15       | PUBLIC type . id RNDBR_L arglist RNDBR_R BTBR_L RETURN expression SEMICOLON BTBR_R

    ID  сдвиг, и переход в состояние 4

    id  переход в состояние 41


Состояние 39

    9 var_dec: type id SEMICOLON .

    $default  вывод с использованием правила 9 (var_dec)


Состояние 40

    2 main_class: CLASS id BTBR_L PUBLIC MAIN RNDBR_L STRING SQBR_L SQBR_R id . RNDBR_R BTBR_L statement BTBR_R BTBR_R

    RNDBR_R  сдвиг, и переход в состояние 42


Состояние 41

   12 method: PUBLIC type id . RNDBR_L arglist RNDBR_R BTBR_L var_dec_list stmnt_list RETURN expression SEMICOLON BTBR_R
   13       | PUBLIC type id . RNDBR_L arglist RNDBR_R BTBR_L stmnt_list RETURN expression SEMICOLON BTBR_R
   14       | PUBLIC type id . RNDBR_L arglist RNDBR_R BTBR_L var_dec_list RETURN expression SEMICOLON BTBR_R
   15       | PUBLIC type id . RNDBR_L arglist RNDBR_R BTBR_L RETURN expression SEMICOLON BTBR_R

    RNDBR_L  сдвиг, и переход в состояние 43


Состояние 42

    2 main_class: CLASS id BTBR_L PUBLIC MAIN RNDBR_L STRING SQBR_L SQBR_R id RNDBR_R . BTBR_L statement BTBR_R BTBR_R

    BTBR_L  сдвиг, и переход в состояние 44


Состояние 43

   12 method: PUBLIC type id RNDBR_L . arglist RNDBR_R BTBR_L var_dec_list stmnt_list RETURN expression SEMICOLON BTBR_R
   13       | PUBLIC type id RNDBR_L . arglist RNDBR_R BTBR_L stmnt_list RETURN expression SEMICOLON BTBR_R
   14       | PUBLIC type id RNDBR_L . arglist RNDBR_R BTBR_L var_dec_list RETURN expression SEMICOLON BTBR_R
   15       | PUBLIC type id RNDBR_L . arglist RNDBR_R BTBR_L RETURN expression SEMICOLON BTBR_R

    INT   сдвиг, и переход в состояние 20
    BOOL  сдвиг, и переход в состояние 21
    ID    сдвиг, и переход в состояние 4

    $default  вывод с использованием правила 20 (arglist)

    arglist  переход в состояние 45
    type     переход в состояние 46
    id       переход в состояние 26


Состояние 44

    2 main_class: CLASS id BTBR_L PUBLIC MAIN RNDBR_L STRING SQBR_L SQBR_R id RNDBR_R BTBR_L . statement BTBR_R BTBR_R

    IF      сдвиг, и переход в состояние 47
    WHILE   сдвиг, и переход в состояние 48
    BTBR_L  сдвиг, и переход в состояние 49
    PRINT   сдвиг, и переход в состояние 50
    ID      сдвиг, и переход в состояние 4

    statement  переход в состояние 51
    id         переход в состояние 52


Состояние 45

   12 method: PUBLIC type id RNDBR_L arglist . RNDBR_R BTBR_L var_dec_list stmnt_list RETURN expression SEMICOLON BTBR_R
   13       | PUBLIC type id RNDBR_L arglist . RNDBR_R BTBR_L stmnt_list RETURN expression SEMICOLON BTBR_R
   14       | PUBLIC type id RNDBR_L arglist . RNDBR_R BTBR_L var_dec_list RETURN expression SEMICOLON BTBR_R
   15       | PUBLIC type id RNDBR_L arglist . RNDBR_R BTBR_L RETURN expression SEMICOLON BTBR_R
   18 arglist: arglist . COMMA type id

    RNDBR_R  сдвиг, и переход в состояние 53
    COMMA    сдвиг, и переход в состояние 54


Состояние 46

   19 arglist: type . id

    ID  сдвиг, и переход в состояние 4

    id  переход в состояние 55


Состояние 47

   28 statement: IF . RNDBR_L expression RNDBR_R statement ELSE statement

    RNDBR_L  сдвиг, и переход в состояние 56


Состояние 48

   29 statement: WHILE . RNDBR_L expression RNDBR_R statement

    RNDBR_L  сдвиг, и переход в состояние 57


Состояние 49

   27 statement: BTBR_L . stmnt_list BTBR_R

    IF      сдвиг, и переход в состояние 47
    WHILE   сдвиг, и переход в состояние 48
    BTBR_L  сдвиг, и переход в состояние 49
    PRINT   сдвиг, и переход в состояние 50
    ID      сдвиг, и переход в состояние 4

    stmnt_list  переход в состояние 58
    statement   переход в состояние 59
    id          переход в состояние 52


Состояние 50

   30 statement: PRINT . RNDBR_L expression RNDBR_R SEMICOLON

    RNDBR_L  сдвиг, и переход в состояние 60


Состояние 51

    2 main_class: CLASS id BTBR_L PUBLIC MAIN RNDBR_L STRING SQBR_L SQBR_R id RNDBR_R BTBR_L statement . BTBR_R BTBR_R

    BTBR_R  сдвиг, и переход в состояние 61


Состояние 52

   31 statement: id . EQ expression SEMICOLON
   32          | id . SQBR_L expression SQBR_R EQ expression SEMICOLON

    SQBR_L  сдвиг, и переход в состояние 62
    EQ      сдвиг, и переход в состояние 63


Состояние 53

   12 method: PUBLIC type id RNDBR_L arglist RNDBR_R . BTBR_L var_dec_list stmnt_list RETURN expression SEMICOLON BTBR_R
   13       | PUBLIC type id RNDBR_L arglist RNDBR_R . BTBR_L stmnt_list RETURN expression SEMICOLON BTBR_R
   14       | PUBLIC type id RNDBR_L arglist RNDBR_R . BTBR_L var_dec_list RETURN expression SEMICOLON BTBR_R
   15       | PUBLIC type id RNDBR_L arglist RNDBR_R . BTBR_L RETURN expression SEMICOLON BTBR_R

    BTBR_L  сдвиг, и переход в состояние 64


Состояние 54

   18 arglist: arglist COMMA . type id

    INT   сдвиг, и переход в состояние 20
    BOOL  сдвиг, и переход в состояние 21
    ID    сдвиг, и переход в состояние 4

    type  переход в состояние 65
    id    переход в состояние 26


Состояние 55

   19 arglist: type id .

    $default  вывод с использованием правила 19 (arglist)


Состояние 56

   28 statement: IF RNDBR_L . expression RNDBR_R statement ELSE statement

    THIS     сдвиг, и переход в состояние 66
    NEW      сдвиг, и переход в состояние 67
    RNDBR_L  сдвиг, и переход в состояние 68
    EXCL     сдвиг, и переход в состояние 69
    FALSE    сдвиг, и переход в состояние 70
    TRUE     сдвиг, и переход в состояние 71
    NUM      сдвиг, и переход в состояние 72
    ID       сдвиг, и переход в состояние 4

    expression  переход в состояние 73
    id          переход в состояние 74


Состояние 57

   29 statement: WHILE RNDBR_L . expression RNDBR_R statement

    THIS     сдвиг, и переход в состояние 66
    NEW      сдвиг, и переход в состояние 67
    RNDBR_L  сдвиг, и переход в состояние 68
    EXCL     сдвиг, и переход в состояние 69
    FALSE    сдвиг, и переход в состояние 70
    TRUE     сдвиг, и переход в состояние 71
    NUM      сдвиг, и переход в состояние 72
    ID       сдвиг, и переход в состояние 4

    expression  переход в состояние 75
    id          переход в состояние 74


Состояние 58

   21 stmnt_list: stmnt_list . statement
   27 statement: BTBR_L stmnt_list . BTBR_R

    IF      сдвиг, и переход в состояние 47
    WHILE   сдвиг, и переход в состояние 48
    BTBR_L  сдвиг, и переход в состояние 49
    BTBR_R  сдвиг, и переход в состояние 76
    PRINT   сдвиг, и переход в состояние 50
    ID      сдвиг, и переход в состояние 4

    statement  переход в состояние 77
    id         переход в состояние 52


Состояние 59

   22 stmnt_list: statement .

    $default  вывод с использованием правила 22 (stmnt_list)


Состояние 60

   30 statement: PRINT RNDBR_L . expression RNDBR_R SEMICOLON

    THIS     сдвиг, и переход в состояние 66
    NEW      сдвиг, и переход в состояние 67
    RNDBR_L  сдвиг, и переход в состояние 68
    EXCL     сдвиг, и переход в состояние 69
    FALSE    сдвиг, и переход в состояние 70
    TRUE     сдвиг, и переход в состояние 71
    NUM      сдвиг, и переход в состояние 72
    ID       сдвиг, и переход в состояние 4

    expression  переход в состояние 78
    id          переход в состояние 74


Состояние 61

    2 main_class: CLASS id BTBR_L PUBLIC MAIN RNDBR_L STRING SQBR_L SQBR_R id RNDBR_R BTBR_L statement BTBR_R . BTBR_R

    BTBR_R  сдвиг, и переход в состояние 79


Состояние 62

   32 statement: id SQBR_L . expression SQBR_R EQ expression SEMICOLON

    THIS     сдвиг, и переход в состояние 66
    NEW      сдвиг, и переход в состояние 67
    RNDBR_L  сдвиг, и переход в состояние 68
    EXCL     сдвиг, и переход в состояние 69
    FALSE    сдвиг, и переход в состояние 70
    TRUE     сдвиг, и переход в состояние 71
    NUM      сдвиг, и переход в состояние 72
    ID       сдвиг, и переход в состояние 4

    expression  переход в состояние 80
    id          переход в состояние 74


Состояние 63

   31 statement: id EQ . expression SEMICOLON

    THIS     сдвиг, и переход в состояние 66
    NEW      сдвиг, и переход в состояние 67
    RNDBR_L  сдвиг, и переход в состояние 68
    EXCL     сдвиг, и переход в состояние 69
    FALSE    сдвиг, и переход в состояние 70
    TRUE     сдвиг, и переход в состояние 71
    NUM      сдвиг, и переход в состояние 72
    ID       сдвиг, и переход в состояние 4

    expression  переход в состояние 81
    id          переход в состояние 74


Состояние 64

   12 method: PUBLIC type id RNDBR_L arglist RNDBR_R BTBR_L . var_dec_list stmnt_list RETURN expression SEMICOLON BTBR_R
   13       | PUBLIC type id RNDBR_L arglist RNDBR_R BTBR_L . stmnt_list RETURN expression SEMICOLON BTBR_R
   14       | PUBLIC type id RNDBR_L arglist RNDBR_R BTBR_L . var_dec_list RETURN expression SEMICOLON BTBR_R
   15       | PUBLIC type id RNDBR_L arglist RNDBR_R BTBR_L . RETURN expression SEMICOLON BTBR_R

    IF      сдвиг, и переход в состояние 47
    WHILE   сдвиг, и переход в состояние 48
    INT     сдвиг, и переход в состояние 20
    BOOL    сдвиг, и переход в состояние 21
    BTBR_L  сдвиг, и переход в состояние 49
    PRINT   сдвиг, и переход в состояние 50
    RETURN  сдвиг, и переход в состояние 82
    ID      сдвиг, и переход в состояние 4

    var_dec       переход в состояние 22
    var_dec_list  переход в состояние 83
    stmnt_list    переход в состояние 84
    type          переход в состояние 25
    statement     переход в состояние 59
    id            переход в состояние 85


Состояние 65

   18 arglist: arglist COMMA type . id

    ID  сдвиг, и переход в состояние 4

    id  переход в состояние 86


Состояние 66

   45 expression: THIS .

    $default  вывод с использованием правила 45 (expression)


Состояние 67

   46 expression: NEW . INT SQBR_L expression SQBR_R
   47           | NEW . id RNDBR_L RNDBR_R

    INT  сдвиг, и переход в состояние 87
    ID   сдвиг, и переход в состояние 4

    id  переход в состояние 88


Состояние 68

   49 expression: RNDBR_L . expression RNDBR_R

    THIS     сдвиг, и переход в состояние 66
    NEW      сдвиг, и переход в состояние 67
    RNDBR_L  сдвиг, и переход в состояние 68
    EXCL     сдвиг, и переход в состояние 69
    FALSE    сдвиг, и переход в состояние 70
    TRUE     сдвиг, и переход в состояние 71
    NUM      сдвиг, и переход в состояние 72
    ID       сдвиг, и переход в состояние 4

    expression  переход в состояние 89
    id          переход в состояние 74


Состояние 69

   48 expression: EXCL . expression

    THIS     сдвиг, и переход в состояние 66
    NEW      сдвиг, и переход в состояние 67
    RNDBR_L  сдвиг, и переход в состояние 68
    EXCL     сдвиг, и переход в состояние 69
    FALSE    сдвиг, и переход в состояние 70
    TRUE     сдвиг, и переход в состояние 71
    NUM      сдвиг, и переход в состояние 72
    ID       сдвиг, и переход в состояние 4

    expression  переход в состояние 90
    id          переход в состояние 74


Состояние 70

   43 expression: FALSE .

    $default  вывод с использованием правила 43 (expression)


Состояние 71

   42 expression: TRUE .

    $default  вывод с использованием правила 42 (expression)


Состояние 72

   41 expression: NUM .

    $default  вывод с использованием правила 41 (expression)


Состояние 73

   28 statement: IF RNDBR_L expression . RNDBR_R statement ELSE statement
   33 expression: expression . AND expression
   34           | expression . LESS expression
   35           | expression . PLUS expression
   36           | expression . MINUS expression
   37           | expression . STAR expression
   38           | expression . SQBR_L expression SQBR_R
   39           | expression . DOT LEN
   40           | expression . DOT id RNDBR_L expression_list RNDBR_R

    SQBR_L   сдвиг, и переход в состояние 91
    RNDBR_R  сдвиг, и переход в состояние 92
    DOT      сдвиг, и переход в состояние 93
    AND      сдвиг, и переход в состояние 94
    PLUS     сдвиг, и переход в состояние 95
    MINUS    сдвиг, и переход в состояние 96
    STAR     сдвиг, и переход в состояние 97
    LESS     сдвиг, и переход в состояние 98


Состояние 74

   44 expression: id .

    $default  вывод с использованием правила 44 (expression)


Состояние 75

   29 statement: WHILE RNDBR_L expression . RNDBR_R statement
   33 expression: expression . AND expression
   34           | expression . LESS expression
   35           | expression . PLUS expression
   36           | expression . MINUS expression
   37           | expression . STAR expression
   38           | expression . SQBR_L expression SQBR_R
   39           | expression . DOT LEN
   40           | expression . DOT id RNDBR_L expression_list RNDBR_R

    SQBR_L   сдвиг, и переход в состояние 91
    RNDBR_R  сдвиг, и переход в состояние 99
    DOT      сдвиг, и переход в состояние 93
    AND      сдвиг, и переход в состояние 94
    PLUS     сдвиг, и переход в состояние 95
    MINUS    сдвиг, и переход в состояние 96
    STAR     сдвиг, и переход в состояние 97
    LESS     сдвиг, и переход в состояние 98


Состояние 76

   27 statement: BTBR_L stmnt_list BTBR_R .

    $default  вывод с использованием правила 27 (statement)


Состояние 77

   21 stmnt_list: stmnt_list statement .

    $default  вывод с использованием правила 21 (stmnt_list)


Состояние 78

   30 statement: PRINT RNDBR_L expression . RNDBR_R SEMICOLON
   33 expression: expression . AND expression
   34           | expression . LESS expression
   35           | expression . PLUS expression
   36           | expression . MINUS expression
   37           | expression . STAR expression
   38           | expression . SQBR_L expression SQBR_R
   39           | expression . DOT LEN
   40           | expression . DOT id RNDBR_L expression_list RNDBR_R

    SQBR_L   сдвиг, и переход в состояние 91
    RNDBR_R  сдвиг, и переход в состояние 100
    DOT      сдвиг, и переход в состояние 93
    AND      сдвиг, и переход в состояние 94
    PLUS     сдвиг, и переход в состояние 95
    MINUS    сдвиг, и переход в состояние 96
    STAR     сдвиг, и переход в состояние 97
    LESS     сдвиг, и переход в состояние 98


Состояние 79

    2 main_class: CLASS id BTBR_L PUBLIC MAIN RNDBR_L STRING SQBR_L SQBR_R id RNDBR_R BTBR_L statement BTBR_R BTBR_R .

    $default  вывод с использованием правила 2 (main_class)


Состояние 80

   32 statement: id SQBR_L expression . SQBR_R EQ expression SEMICOLON
   33 expression: expression . AND expression
   34           | expression . LESS expression
   35           | expression . PLUS expression
   36           | expression . MINUS expression
   37           | expression . STAR expression
   38           | expression . SQBR_L expression SQBR_R
   39           | expression . DOT LEN
   40           | expression . DOT id RNDBR_L expression_list RNDBR_R

    SQBR_L  сдвиг, и переход в состояние 91
    SQBR_R  сдвиг, и переход в состояние 101
    DOT     сдвиг, и переход в состояние 93
    AND     сдвиг, и переход в состояние 94
    PLUS    сдвиг, и переход в состояние 95
    MINUS   сдвиг, и переход в состояние 96
    STAR    сдвиг, и переход в состояние 97
    LESS    сдвиг, и переход в состояние 98


Состояние 81

   31 statement: id EQ expression . SEMICOLON
   33 expression: expression . AND expression
   34           | expression . LESS expression
   35           | expression . PLUS expression
   36           | expression . MINUS expression
   37           | expression . STAR expression
   38           | expression . SQBR_L expression SQBR_R
   39           | expression . DOT LEN
   40           | expression . DOT id RNDBR_L expression_list RNDBR_R

    SQBR_L     сдвиг, и переход в состояние 91
    DOT        сдвиг, и переход в состояние 93
    SEMICOLON  сдвиг, и переход в состояние 102
    AND        сдвиг, и переход в состояние 94
    PLUS       сдвиг, и переход в состояние 95
    MINUS      сдвиг, и переход в состояние 96
    STAR       сдвиг, и переход в состояние 97
    LESS       сдвиг, и переход в состояние 98


Состояние 82

   15 method: PUBLIC type id RNDBR_L arglist RNDBR_R BTBR_L RETURN . expression SEMICOLON BTBR_R

    THIS     сдвиг, и переход в состояние 66
    NEW      сдвиг, и переход в состояние 67
    RNDBR_L  сдвиг, и переход в состояние 68
    EXCL     сдвиг, и переход в состояние 69
    FALSE    сдвиг, и переход в состояние 70
    TRUE     сдвиг, и переход в состояние 71
    NUM      сдвиг, и переход в состояние 72
    ID       сдвиг, и переход в состояние 4

    expression  переход в состояние 103
    id          переход в состояние 74


Состояние 83

   10 var_dec_list: var_dec_list . var_dec
   12 method: PUBLIC type id RNDBR_L arglist RNDBR_R BTBR_L var_dec_list . stmnt_list RETURN expression SEMICOLON BTBR_R
   14       | PUBLIC type id RNDBR_L arglist RNDBR_R BTBR_L var_dec_list . RETURN expression SEMICOLON BTBR_R

    IF      сдвиг, и переход в состояние 47
    WHILE   сдвиг, и переход в состояние 48
    INT     сдвиг, и переход в состояние 20
    BOOL    сдвиг, и переход в состояние 21
    BTBR_L  сдвиг, и переход в состояние 49
    PRINT   сдвиг, и переход в состояние 50
    RETURN  сдвиг, и переход в состояние 104
    ID      сдвиг, и переход в состояние 4

    var_dec     переход в состояние 29
    stmnt_list  переход в состояние 105
    type        переход в состояние 25
    statement   переход в состояние 59
    id          переход в состояние 85


Состояние 84

   13 method: PUBLIC type id RNDBR_L arglist RNDBR_R BTBR_L stmnt_list . RETURN expression SEMICOLON BTBR_R
   21 stmnt_list: stmnt_list . statement

    IF      сдвиг, и переход в состояние 47
    WHILE   сдвиг, и переход в состояние 48
    BTBR_L  сдвиг, и переход в состояние 49
    PRINT   сдвиг, и переход в состояние 50
    RETURN  сдвиг, и переход в состояние 106
    ID      сдвиг, и переход в состояние 4

    statement  переход в состояние 77
    id         переход в состояние 52


Состояние 85

   26 type: id .
   31 statement: id . EQ expression SEMICOLON
   32          | id . SQBR_L expression SQBR_R EQ expression SEMICOLON

    SQBR_L  сдвиг, и переход в состояние 62
    EQ      сдвиг, и переход в состояние 63

    $default  вывод с использованием правила 26 (type)


Состояние 86

   18 arglist: arglist COMMA type id .

    $default  вывод с использованием правила 18 (arglist)


Состояние 87

   46 expression: NEW INT . SQBR_L expression SQBR_R

    SQBR_L  сдвиг, и переход в состояние 107


Состояние 88

   47 expression: NEW id . RNDBR_L RNDBR_R

    RNDBR_L  сдвиг, и переход в состояние 108


Состояние 89

   33 expression: expression . AND expression
   34           | expression . LESS expression
   35           | expression . PLUS expression
   36           | expression . MINUS expression
   37           | expression . STAR expression
   38           | expression . SQBR_L expression SQBR_R
   39           | expression . DOT LEN
   40           | expression . DOT id RNDBR_L expression_list RNDBR_R
   49           | RNDBR_L expression . RNDBR_R

    SQBR_L   сдвиг, и переход в состояние 91
    RNDBR_R  сдвиг, и переход в состояние 109
    DOT      сдвиг, и переход в состояние 93
    AND      сдвиг, и переход в состояние 94
    PLUS     сдвиг, и переход в состояние 95
    MINUS    сдвиг, и переход в состояние 96
    STAR     сдвиг, и переход в состояние 97
    LESS     сдвиг, и переход в состояние 98


Состояние 90

   33 expression: expression . AND expression
   34           | expression . LESS expression
   35           | expression . PLUS expression
   36           | expression . MINUS expression
   37           | expression . STAR expression
   38           | expression . SQBR_L expression SQBR_R
   39           | expression . DOT LEN
   40           | expression . DOT id RNDBR_L expression_list RNDBR_R
   48           | EXCL expression .

    $default  вывод с использованием правила 48 (expression)


Состояние 91

   38 expression: expression SQBR_L . expression SQBR_R

    THIS     сдвиг, и переход в состояние 66
    NEW      сдвиг, и переход в состояние 67
    RNDBR_L  сдвиг, и переход в состояние 68
    EXCL     сдвиг, и переход в состояние 69
    FALSE    сдвиг, и переход в состояние 70
    TRUE     сдвиг, и переход в состояние 71
    NUM      сдвиг, и переход в состояние 72
    ID       сдвиг, и переход в состояние 4

    expression  переход в состояние 110
    id          переход в состояние 74


Состояние 92

   28 statement: IF RNDBR_L expression RNDBR_R . statement ELSE statement

    IF      сдвиг, и переход в состояние 47
    WHILE   сдвиг, и переход в состояние 48
    BTBR_L  сдвиг, и переход в состояние 49
    PRINT   сдвиг, и переход в состояние 50
    ID      сдвиг, и переход в состояние 4

    statement  переход в состояние 111
    id         переход в состояние 52


Состояние 93

   39 expression: expression DOT . LEN
   40           | expression DOT . id RNDBR_L expression_list RNDBR_R

    LEN  сдвиг, и переход в состояние 112
    ID   сдвиг, и переход в состояние 4

    id  переход в состояние 113


Состояние 94

   33 expression: expression AND . expression

    THIS     сдвиг, и переход в состояние 66
    NEW      сдвиг, и переход в состояние 67
    RNDBR_L  сдвиг, и переход в состояние 68
    EXCL     сдвиг, и переход в состояние 69
    FALSE    сдвиг, и переход в состояние 70
    TRUE     сдвиг, и переход в состояние 71
    NUM      сдвиг, и переход в состояние 72
    ID       сдвиг, и переход в состояние 4

    expression  переход в состояние 114
    id          переход в состояние 74


Состояние 95

   35 expression: expression PLUS . expression

    THIS     сдвиг, и переход в состояние 66
    NEW      сдвиг, и переход в состояние 67
    RNDBR_L  сдвиг, и переход в состояние 68
    EXCL     сдвиг, и переход в состояние 69
    FALSE    сдвиг, и переход в состояние 70
    TRUE     сдвиг, и переход в состояние 71
    NUM      сдвиг, и переход в состояние 72
    ID       сдвиг, и переход в состояние 4

    expression  переход в состояние 115
    id          переход в состояние 74


Состояние 96

   36 expression: expression MINUS . expression

    THIS     сдвиг, и переход в состояние 66
    NEW      сдвиг, и переход в состояние 67
    RNDBR_L  сдвиг, и переход в состояние 68
    EXCL     сдвиг, и переход в состояние 69
    FALSE    сдвиг, и переход в состояние 70
    TRUE     сдвиг, и переход в состояние 71
    NUM      сдвиг, и переход в состояние 72
    ID       сдвиг, и переход в состояние 4

    expression  переход в состояние 116
    id          переход в состояние 74


Состояние 97

   37 expression: expression STAR . expression

    THIS     сдвиг, и переход в состояние 66
    NEW      сдвиг, и переход в состояние 67
    RNDBR_L  сдвиг, и переход в состояние 68
    EXCL     сдвиг, и переход в состояние 69
    FALSE    сдвиг, и переход в состояние 70
    TRUE     сдвиг, и переход в состояние 71
    NUM      сдвиг, и переход в состояние 72
    ID       сдвиг, и переход в состояние 4

    expression  переход в состояние 117
    id          переход в состояние 74


Состояние 98

   34 expression: expression LESS . expression

    THIS     сдвиг, и переход в состояние 66
    NEW      сдвиг, и переход в состояние 67
    RNDBR_L  сдвиг, и переход в состояние 68
    EXCL     сдвиг, и переход в состояние 69
    FALSE    сдвиг, и переход в состояние 70
    TRUE     сдвиг, и переход в состояние 71
    NUM      сдвиг, и переход в состояние 72
    ID       сдвиг, и переход в состояние 4

    expression  переход в состояние 118
    id          переход в состояние 74


Состояние 99

   29 statement: WHILE RNDBR_L expression RNDBR_R . statement

    IF      сдвиг, и переход в состояние 47
    WHILE   сдвиг, и переход в состояние 48
    BTBR_L  сдвиг, и переход в состояние 49
    PRINT   сдвиг, и переход в состояние 50
    ID      сдвиг, и переход в состояние 4

    statement  переход в состояние 119
    id         переход в состояние 52


Состояние 100

   30 statement: PRINT RNDBR_L expression RNDBR_R . SEMICOLON

    SEMICOLON  сдвиг, и переход в состояние 120


Состояние 101

   32 statement: id SQBR_L expression SQBR_R . EQ expression SEMICOLON

    EQ  сдвиг, и переход в состояние 121


Состояние 102

   31 statement: id EQ expression SEMICOLON .

    $default  вывод с использованием правила 31 (statement)


Состояние 103

   15 method: PUBLIC type id RNDBR_L arglist RNDBR_R BTBR_L RETURN expression . SEMICOLON BTBR_R
   33 expression: expression . AND expression
   34           | expression . LESS expression
   35           | expression . PLUS expression
   36           | expression . MINUS expression
   37           | expression . STAR expression
   38           | expression . SQBR_L expression SQBR_R
   39           | expression . DOT LEN
   40           | expression . DOT id RNDBR_L expression_list RNDBR_R

    SQBR_L     сдвиг, и переход в состояние 91
    DOT        сдвиг, и переход в состояние 93
    SEMICOLON  сдвиг, и переход в состояние 122
    AND        сдвиг, и переход в состояние 94
    PLUS       сдвиг, и переход в состояние 95
    MINUS      сдвиг, и переход в состояние 96
    STAR       сдвиг, и переход в состояние 97
    LESS       сдвиг, и переход в состояние 98


Состояние 104

   14 method: PUBLIC type id RNDBR_L arglist RNDBR_R BTBR_L var_dec_list RETURN . expression SEMICOLON BTBR_R

    THIS     сдвиг, и переход в состояние 66
    NEW      сдвиг, и переход в состояние 67
    RNDBR_L  сдвиг, и переход в состояние 68
    EXCL     сдвиг, и переход в состояние 69
    FALSE    сдвиг, и переход в состояние 70
    TRUE     сдвиг, и переход в состояние 71
    NUM      сдвиг, и переход в состояние 72
    ID       сдвиг, и переход в состояние 4

    expression  переход в состояние 123
    id          переход в состояние 74


Состояние 105

   12 method: PUBLIC type id RNDBR_L arglist RNDBR_R BTBR_L var_dec_list stmnt_list . RETURN expression SEMICOLON BTBR_R
   21 stmnt_list: stmnt_list . statement

    IF      сдвиг, и переход в состояние 47
    WHILE   сдвиг, и переход в состояние 48
    BTBR_L  сдвиг, и переход в состояние 49
    PRINT   сдвиг, и переход в состояние 50
    RETURN  сдвиг, и переход в состояние 124
    ID      сдвиг, и переход в состояние 4

    statement  переход в состояние 77
    id         переход в состояние 52


Состояние 106

   13 method: PUBLIC type id RNDBR_L arglist RNDBR_R BTBR_L stmnt_list RETURN . expression SEMICOLON BTBR_R

    THIS     сдвиг, и переход в состояние 66
    NEW      сдвиг, и переход в состояние 67
    RNDBR_L  сдвиг, и переход в состояние 68
    EXCL     сдвиг, и переход в состояние 69
    FALSE    сдвиг, и переход в состояние 70
    TRUE     сдвиг, и переход в состояние 71
    NUM      сдвиг, и переход в состояние 72
    ID       сдвиг, и переход в состояние 4

    expression  переход в состояние 125
    id          переход в состояние 74


Состояние 107

   46 expression: NEW INT SQBR_L . expression SQBR_R

    THIS     сдвиг, и переход в состояние 66
    NEW      сдвиг, и переход в состояние 67
    RNDBR_L  сдвиг, и переход в состояние 68
    EXCL     сдвиг, и переход в состояние 69
    FALSE    сдвиг, и переход в состояние 70
    TRUE     сдвиг, и переход в состояние 71
    NUM      сдвиг, и переход в состояние 72
    ID       сдвиг, и переход в состояние 4

    expression  переход в состояние 126
    id          переход в состояние 74


Состояние 108

   47 expression: NEW id RNDBR_L . RNDBR_R

    RNDBR_R  сдвиг, и переход в состояние 127


Состояние 109

   49 expression: RNDBR_L expression RNDBR_R .

    $default  вывод с использованием правила 49 (expression)


Состояние 110

   33 expression: expression . AND expression
   34           | expression . LESS expression
   35           | expression . PLUS expression
   36           | expression . MINUS expression
   37           | expression . STAR expression
   38           | expression . SQBR_L expression SQBR_R
   38           | expression SQBR_L expression . SQBR_R
   39           | expression . DOT LEN
   40           | expression . DOT id RNDBR_L expression_list RNDBR_R

    SQBR_L  сдвиг, и переход в состояние 91
    SQBR_R  сдвиг, и переход в состояние 128
    DOT     сдвиг, и переход в состояние 93
    AND     сдвиг, и переход в состояние 94
    PLUS    сдвиг, и переход в состояние 95
    MINUS   сдвиг, и переход в состояние 96
    STAR    сдвиг, и переход в состояние 97
    LESS    сдвиг, и переход в состояние 98


Состояние 111

   28 statement: IF RNDBR_L expression RNDBR_R statement . ELSE statement

    ELSE  сдвиг, и переход в состояние 129


Состояние 112

   39 expression: expression DOT LEN .

    $default  вывод с использованием правила 39 (expression)


Состояние 113

   40 expression: expression DOT id . RNDBR_L expression_list RNDBR_R

    RNDBR_L  сдвиг, и переход в состояние 130


Состояние 114

   33 expression: expression . AND expression
   33           | expression AND expression .
   34           | expression . LESS expression
   35           | expression . PLUS expression
   36           | expression . MINUS expression
   37           | expression . STAR expression
   38           | expression . SQBR_L expression SQBR_R
   39           | expression . DOT LEN
   40           | expression . DOT id RNDBR_L expression_list RNDBR_R

    SQBR_L  сдвиг, и переход в состояние 91
    DOT     сдвиг, и переход в состояние 93
    PLUS    сдвиг, и переход в состояние 95
    MINUS   сдвиг, и переход в состояние 96
    STAR    сдвиг, и переход в состояние 97
    LESS    сдвиг, и переход в состояние 98

    AND  ошибка (неассоциативная)

    $default  вывод с использованием правила 33 (expression)


Состояние 115

   33 expression: expression . AND expression
   34           | expression . LESS expression
   35           | expression . PLUS expression
   35           | expression PLUS expression .
   36           | expression . MINUS expression
   37           | expression . STAR expression
   38           | expression . SQBR_L expression SQBR_R
   39           | expression . DOT LEN
   40           | expression . DOT id RNDBR_L expression_list RNDBR_R

    SQBR_L  сдвиг, и переход в состояние 91
    DOT     сдвиг, и переход в состояние 93
    STAR    сдвиг, и переход в состояние 97

    $default  вывод с использованием правила 35 (expression)


Состояние 116

   33 expression: expression . AND expression
   34           | expression . LESS expression
   35           | expression . PLUS expression
   36           | expression . MINUS expression
   36           | expression MINUS expression .
   37           | expression . STAR expression
   38           | expression . SQBR_L expression SQBR_R
   39           | expression . DOT LEN
   40           | expression . DOT id RNDBR_L expression_list RNDBR_R

    SQBR_L  сдвиг, и переход в состояние 91
    DOT     сдвиг, и переход в состояние 93
    STAR    сдвиг, и переход в состояние 97

    $default  вывод с использованием правила 36 (expression)


Состояние 117

   33 expression: expression . AND expression
   34           | expression . LESS expression
   35           | expression . PLUS expression
   36           | expression . MINUS expression
   37           | expression . STAR expression
   37           | expression STAR expression .
   38           | expression . SQBR_L expression SQBR_R
   39           | expression . DOT LEN
   40           | expression . DOT id RNDBR_L expression_list RNDBR_R

    SQBR_L  сдвиг, и переход в состояние 91
    DOT     сдвиг, и переход в состояние 93

    $default  вывод с использованием правила 37 (expression)


Состояние 118

   33 expression: expression . AND expression
   34           | expression . LESS expression
   34           | expression LESS expression .
   35           | expression . PLUS expression
   36           | expression . MINUS expression
   37           | expression . STAR expression
   38           | expression . SQBR_L expression SQBR_R
   39           | expression . DOT LEN
   40           | expression . DOT id RNDBR_L expression_list RNDBR_R

    SQBR_L  сдвиг, и переход в состояние 91
    DOT     сдвиг, и переход в состояние 93
    PLUS    сдвиг, и переход в состояние 95
    MINUS   сдвиг, и переход в состояние 96
    STAR    сдвиг, и переход в состояние 97

    LESS  ошибка (неассоциативная)

    $default  вывод с использованием правила 34 (expression)


Состояние 119

   29 statement: WHILE RNDBR_L expression RNDBR_R statement .

    $default  вывод с использованием правила 29 (statement)


Состояние 120

   30 statement: PRINT RNDBR_L expression RNDBR_R SEMICOLON .

    $default  вывод с использованием правила 30 (statement)


Состояние 121

   32 statement: id SQBR_L expression SQBR_R EQ . expression SEMICOLON

    THIS     сдвиг, и переход в состояние 66
    NEW      сдвиг, и переход в состояние 67
    RNDBR_L  сдвиг, и переход в состояние 68
    EXCL     сдвиг, и переход в состояние 69
    FALSE    сдвиг, и переход в состояние 70
    TRUE     сдвиг, и переход в состояние 71
    NUM      сдвиг, и переход в состояние 72
    ID       сдвиг, и переход в состояние 4

    expression  переход в состояние 131
    id          переход в состояние 74


Состояние 122

   15 method: PUBLIC type id RNDBR_L arglist RNDBR_R BTBR_L RETURN expression SEMICOLON . BTBR_R

    BTBR_R  сдвиг, и переход в состояние 132


Состояние 123

   14 method: PUBLIC type id RNDBR_L arglist RNDBR_R BTBR_L var_dec_list RETURN expression . SEMICOLON BTBR_R
   33 expression: expression . AND expression
   34           | expression . LESS expression
   35           | expression . PLUS expression
   36           | expression . MINUS expression
   37           | expression . STAR expression
   38           | expression . SQBR_L expression SQBR_R
   39           | expression . DOT LEN
   40           | expression . DOT id RNDBR_L expression_list RNDBR_R

    SQBR_L     сдвиг, и переход в состояние 91
    DOT        сдвиг, и переход в состояние 93
    SEMICOLON  сдвиг, и переход в состояние 133
    AND        сдвиг, и переход в состояние 94
    PLUS       сдвиг, и переход в состояние 95
    MINUS      сдвиг, и переход в состояние 96
    STAR       сдвиг, и переход в состояние 97
    LESS       сдвиг, и переход в состояние 98


Состояние 124

   12 method: PUBLIC type id RNDBR_L arglist RNDBR_R BTBR_L var_dec_list stmnt_list RETURN . expression SEMICOLON BTBR_R

    THIS     сдвиг, и переход в состояние 66
    NEW      сдвиг, и переход в состояние 67
    RNDBR_L  сдвиг, и переход в состояние 68
    EXCL     сдвиг, и переход в состояние 69
    FALSE    сдвиг, и переход в состояние 70
    TRUE     сдвиг, и переход в состояние 71
    NUM      сдвиг, и переход в состояние 72
    ID       сдвиг, и переход в состояние 4

    expression  переход в состояние 134
    id          переход в состояние 74


Состояние 125

   13 method: PUBLIC type id RNDBR_L arglist RNDBR_R BTBR_L stmnt_list RETURN expression . SEMICOLON BTBR_R
   33 expression: expression . AND expression
   34           | expression . LESS expression
   35           | expression . PLUS expression
   36           | expression . MINUS expression
   37           | expression . STAR expression
   38           | expression . SQBR_L expression SQBR_R
   39           | expression . DOT LEN
   40           | expression . DOT id RNDBR_L expression_list RNDBR_R

    SQBR_L     сдвиг, и переход в состояние 91
    DOT        сдвиг, и переход в состояние 93
    SEMICOLON  сдвиг, и переход в состояние 135
    AND        сдвиг, и переход в состояние 94
    PLUS       сдвиг, и переход в состояние 95
    MINUS      сдвиг, и переход в состояние 96
    STAR       сдвиг, и переход в состояние 97
    LESS       сдвиг, и переход в состояние 98


Состояние 126

   33 expression: expression . AND expression
   34           | expression . LESS expression
   35           | expression . PLUS expression
   36           | expression . MINUS expression
   37           | expression . STAR expression
   38           | expression . SQBR_L expression SQBR_R
   39           | expression . DOT LEN
   40           | expression . DOT id RNDBR_L expression_list RNDBR_R
   46           | NEW INT SQBR_L expression . SQBR_R

    SQBR_L  сдвиг, и переход в состояние 91
    SQBR_R  сдвиг, и переход в состояние 136
    DOT     сдвиг, и переход в состояние 93
    AND     сдвиг, и переход в состояние 94
    PLUS    сдвиг, и переход в состояние 95
    MINUS   сдвиг, и переход в состояние 96
    STAR    сдвиг, и переход в состояние 97
    LESS    сдвиг, и переход в состояние 98


Состояние 127

   47 expression: NEW id RNDBR_L RNDBR_R .

    $default  вывод с использованием правила 47 (expression)


Состояние 128

   38 expression: expression SQBR_L expression SQBR_R .

    $default  вывод с использованием правила 38 (expression)


Состояние 129

   28 statement: IF RNDBR_L expression RNDBR_R statement ELSE . statement

    IF      сдвиг, и переход в состояние 47
    WHILE   сдвиг, и переход в состояние 48
    BTBR_L  сдвиг, и переход в состояние 49
    PRINT   сдвиг, и переход в состояние 50
    ID      сдвиг, и переход в состояние 4

    statement  переход в состояние 137
    id         переход в состояние 52


Состояние 130

   40 expression: expression DOT id RNDBR_L . expression_list RNDBR_R

    THIS     сдвиг, и переход в состояние 66
    NEW      сдвиг, и переход в состояние 67
    RNDBR_L  сдвиг, и переход в состояние 68
    EXCL     сдвиг, и переход в состояние 69
    FALSE    сдвиг, и переход в состояние 70
    TRUE     сдвиг, и переход в состояние 71
    NUM      сдвиг, и переход в состояние 72
    ID       сдвиг, и переход в состояние 4

    $default  вывод с использованием правила 51 (expression_list)

    expression       переход в состояние 138
    expression_list  переход в состояние 139
    id               переход в состояние 74


Состояние 131

   32 statement: id SQBR_L expression SQBR_R EQ expression . SEMICOLON
   33 expression: expression . AND expression
   34           | expression . LESS expression
   35           | expression . PLUS expression
   36           | expression . MINUS expression
   37           | expression . STAR expression
   38           | expression . SQBR_L expression SQBR_R
   39           | expression . DOT LEN
   40           | expression . DOT id RNDBR_L expression_list RNDBR_R

    SQBR_L     сдвиг, и переход в состояние 91
    DOT        сдвиг, и переход в состояние 93
    SEMICOLON  сдвиг, и переход в состояние 140
    AND        сдвиг, и переход в состояние 94
    PLUS       сдвиг, и переход в состояние 95
    MINUS      сдвиг, и переход в состояние 96
    STAR       сдвиг, и переход в состояние 97
    LESS       сдвиг, и переход в состояние 98


Состояние 132

   15 method: PUBLIC type id RNDBR_L arglist RNDBR_R BTBR_L RETURN expression SEMICOLON BTBR_R .

    $default  вывод с использованием правила 15 (method)


Состояние 133

   14 method: PUBLIC type id RNDBR_L arglist RNDBR_R BTBR_L var_dec_list RETURN expression SEMICOLON . BTBR_R

    BTBR_R  сдвиг, и переход в состояние 141


Состояние 134

   12 method: PUBLIC type id RNDBR_L arglist RNDBR_R BTBR_L var_dec_list stmnt_list RETURN expression . SEMICOLON BTBR_R
   33 expression: expression . AND expression
   34           | expression . LESS expression
   35           | expression . PLUS expression
   36           | expression . MINUS expression
   37           | expression . STAR expression
   38           | expression . SQBR_L expression SQBR_R
   39           | expression . DOT LEN
   40           | expression . DOT id RNDBR_L expression_list RNDBR_R

    SQBR_L     сдвиг, и переход в состояние 91
    DOT        сдвиг, и переход в состояние 93
    SEMICOLON  сдвиг, и переход в состояние 142
    AND        сдвиг, и переход в состояние 94
    PLUS       сдвиг, и переход в состояние 95
    MINUS      сдвиг, и переход в состояние 96
    STAR       сдвиг, и переход в состояние 97
    LESS       сдвиг, и переход в состояние 98


Состояние 135

   13 method: PUBLIC type id RNDBR_L arglist RNDBR_R BTBR_L stmnt_list RETURN expression SEMICOLON . BTBR_R

    BTBR_R  сдвиг, и переход в состояние 143


Состояние 136

   46 expression: NEW INT SQBR_L expression SQBR_R .

    $default  вывод с использованием правила 46 (expression)


Состояние 137

   28 statement: IF RNDBR_L expression RNDBR_R statement ELSE statement .

    $default  вывод с использованием правила 28 (statement)


Состояние 138

   33 expression: expression . AND expression
   34           | expression . LESS expression
   35           | expression . PLUS expression
   36           | expression . MINUS expression
   37           | expression . STAR expression
   38           | expression . SQBR_L expression SQBR_R
   39           | expression . DOT LEN
   40           | expression . DOT id RNDBR_L expression_list RNDBR_R
   50 expression_list: expression . expression_add

    SQBR_L  сдвиг, и переход в состояние 91
    DOT     сдвиг, и переход в состояние 93
    AND     сдвиг, и переход в состояние 94
    PLUS    сдвиг, и переход в состояние 95
    MINUS   сдвиг, и переход в состояние 96
    STAR    сдвиг, и переход в состояние 97
    LESS    сдвиг, и переход в состояние 98

    $default  вывод с использованием правила 53 (expression_add)

    expression_add  переход в состояние 144


Состояние 139

   40 expression: expression DOT id RNDBR_L expression_list . RNDBR_R

    RNDBR_R  сдвиг, и переход в состояние 145


Состояние 140

   32 statement: id SQBR_L expression SQBR_R EQ expression SEMICOLON .

    $default  вывод с использованием правила 32 (statement)


Состояние 141

   14 method: PUBLIC type id RNDBR_L arglist RNDBR_R BTBR_L var_dec_list RETURN expression SEMICOLON BTBR_R .

    $default  вывод с использованием правила 14 (method)


Состояние 142

   12 method: PUBLIC type id RNDBR_L arglist RNDBR_R BTBR_L var_dec_list stmnt_list RETURN expression SEMICOLON . BTBR_R

    BTBR_R  сдвиг, и переход в состояние 146


Состояние 143

   13 method: PUBLIC type id RNDBR_L arglist RNDBR_R BTBR_L stmnt_list RETURN expression SEMICOLON BTBR_R .

    $default  вывод с использованием правила 13 (method)


Состояние 144

   50 expression_list: expression expression_add .
   52 expression_add: expression_add . COMMA expression

    COMMA  сдвиг, и переход в состояние 147

    $default  вывод с использованием правила 50 (expression_list)


Состояние 145

   40 expression: expression DOT id RNDBR_L expression_list RNDBR_R .

    $default  вывод с использованием правила 40 (expression)


Состояние 146

   12 method: PUBLIC type id RNDBR_L arglist RNDBR_R BTBR_L var_dec_list stmnt_list RETURN expression SEMICOLON BTBR_R .

    $default  вывод с использованием правила 12 (method)


Состояние 147

   52 expression_add: expression_add COMMA . expression

    THIS     сдвиг, и переход в состояние 66
    NEW      сдвиг, и переход в состояние 67
    RNDBR_L  сдвиг, и переход в состояние 68
    EXCL     сдвиг, и переход в состояние 69
    FALSE    сдвиг, и переход в состояние 70
    TRUE     сдвиг, и переход в состояние 71
    NUM      сдвиг, и переход в состояние 72
    ID       сдвиг, и переход в состояние 4

    expression  переход в состояние 148
    id          переход в состояние 74


Состояние 148

   33 expression: expression . AND expression
   34           | expression . LESS expression
   35           | expression . PLUS expression
   36           | expression . MINUS expression
   37           | expression . STAR expression
   38           | expression . SQBR_L expression SQBR_R
   39           | expression . DOT LEN
   40           | expression . DOT id RNDBR_L expression_list RNDBR_R
   52 expression_add: expression_add COMMA expression .

    SQBR_L  сдвиг, и переход в состояние 91
    DOT     сдвиг, и переход в состояние 93
    AND     сдвиг, и переход в состояние 94
    PLUS    сдвиг, и переход в состояние 95
    MINUS   сдвиг, и переход в состояние 96
    STAR    сдвиг, и переход в состояние 97
    LESS    сдвиг, и переход в состояние 98

    $default  вывод с использованием правила 52 (expression_add)
